Analysis & Synthesis report for DUT
Sat May 06 23:38:01 2023
Quartus Prime Version 20.1.1 Build 720 11/11/2020 SJ Lite Edition


---------------------
; Table of Contents ;
---------------------
  1. Legal Notice
  2. Analysis & Synthesis Summary
  3. Analysis & Synthesis Settings
  4. Parallel Compilation
  5. Analysis & Synthesis Source Files Read
  6. Analysis & Synthesis Resource Usage Summary
  7. Analysis & Synthesis Resource Utilization by Entity
  8. Analysis & Synthesis RAM Summary
  9. Registers Removed During Synthesis
 10. General Register Statistics
 11. Inverted Register Statistics
 12. Registers Added for RAM Pass-Through Logic
 13. Multiplexer Restructuring Statistics (Restructuring Performed)
 14. Source assignments for pipeline:add_instance|altsyncram:mem_reg[0][0]__1|altsyncram_ocg1:auto_generated
 15. Source assignments for pipeline:add_instance|altsyncram:mem_reg[0][0]__2|altsyncram_ocg1:auto_generated
 16. Parameter Settings for User Entity Instance: pipeline:add_instance|altsyncram:mem_reg[0][0]__1
 17. Parameter Settings for User Entity Instance: pipeline:add_instance|altsyncram:mem_reg[0][0]__2
 18. altsyncram Parameter Settings by Entity Instance
 19. Post-Synthesis Netlist Statistics for Top Partition
 20. Elapsed Time Per Partition
 21. Analysis & Synthesis Messages



----------------
; Legal Notice ;
----------------
Copyright (C) 2020  Intel Corporation. All rights reserved.
Your use of Intel Corporation's design tools, logic functions 
and other software and tools, and any partner logic 
functions, and any output files from any of the foregoing 
(including device programming or simulation files), and any 
associated documentation or information are expressly subject 
to the terms and conditions of the Intel Program License 
Subscription Agreement, the Intel Quartus Prime License Agreement,
the Intel FPGA IP License Agreement, or other applicable license
agreement, including, without limitation, that your use is for
the sole purpose of programming logic devices manufactured by
Intel and sold by Intel or its authorized distributors.  Please
refer to the applicable agreement for further details, at
https://fpgasoftware.intel.com/eula.



+----------------------------------------------------------------------------------+
; Analysis & Synthesis Summary                                                     ;
+------------------------------------+---------------------------------------------+
; Analysis & Synthesis Status        ; Successful - Sat May 06 23:38:01 2023       ;
; Quartus Prime Version              ; 20.1.1 Build 720 11/11/2020 SJ Lite Edition ;
; Revision Name                      ; DUT                                         ;
; Top-level Entity Name              ; DUT                                         ;
; Family                             ; MAX 10                                      ;
; Total logic elements               ; 38,962                                      ;
;     Total combinational functions  ; 26,606                                      ;
;     Dedicated logic registers      ; 15,766                                      ;
; Total registers                    ; 15766                                       ;
; Total pins                         ; 131                                         ;
; Total virtual pins                 ; 0                                           ;
; Total memory bits                  ; 2,048                                       ;
; Embedded Multiplier 9-bit elements ; 0                                           ;
; Total PLLs                         ; 0                                           ;
; UFM blocks                         ; 0                                           ;
; ADC blocks                         ; 0                                           ;
+------------------------------------+---------------------------------------------+


+------------------------------------------------------------------------------------------------------------+
; Analysis & Synthesis Settings                                                                              ;
+------------------------------------------------------------------+--------------------+--------------------+
; Option                                                           ; Setting            ; Default Value      ;
+------------------------------------------------------------------+--------------------+--------------------+
; Device                                                           ; 10M25SAE144C8G     ;                    ;
; Top-level entity name                                            ; DUT                ; DUT                ;
; Family name                                                      ; MAX 10             ; Cyclone V          ;
; Use smart compilation                                            ; Off                ; Off                ;
; Enable parallel Assembler and Timing Analyzer during compilation ; On                 ; On                 ;
; Enable compact report table                                      ; Off                ; Off                ;
; Restructure Multiplexers                                         ; Auto               ; Auto               ;
; Create Debugging Nodes for IP Cores                              ; Off                ; Off                ;
; Preserve fewer node names                                        ; On                 ; On                 ;
; Intel FPGA IP Evaluation Mode                                    ; Enable             ; Enable             ;
; Verilog Version                                                  ; Verilog_2001       ; Verilog_2001       ;
; VHDL Version                                                     ; VHDL_1993          ; VHDL_1993          ;
; State Machine Processing                                         ; Auto               ; Auto               ;
; Safe State Machine                                               ; Off                ; Off                ;
; Extract Verilog State Machines                                   ; On                 ; On                 ;
; Extract VHDL State Machines                                      ; On                 ; On                 ;
; Ignore Verilog initial constructs                                ; Off                ; Off                ;
; Iteration limit for constant Verilog loops                       ; 5000               ; 5000               ;
; Iteration limit for non-constant Verilog loops                   ; 250                ; 250                ;
; Add Pass-Through Logic to Inferred RAMs                          ; On                 ; On                 ;
; Infer RAMs from Raw Logic                                        ; On                 ; On                 ;
; Parallel Synthesis                                               ; On                 ; On                 ;
; DSP Block Balancing                                              ; Auto               ; Auto               ;
; NOT Gate Push-Back                                               ; On                 ; On                 ;
; Power-Up Don't Care                                              ; On                 ; On                 ;
; Remove Redundant Logic Cells                                     ; Off                ; Off                ;
; Remove Duplicate Registers                                       ; On                 ; On                 ;
; Ignore CARRY Buffers                                             ; Off                ; Off                ;
; Ignore CASCADE Buffers                                           ; Off                ; Off                ;
; Ignore GLOBAL Buffers                                            ; Off                ; Off                ;
; Ignore ROW GLOBAL Buffers                                        ; Off                ; Off                ;
; Ignore LCELL Buffers                                             ; Off                ; Off                ;
; Ignore SOFT Buffers                                              ; On                 ; On                 ;
; Limit AHDL Integers to 32 Bits                                   ; Off                ; Off                ;
; Optimization Technique                                           ; Balanced           ; Balanced           ;
; Carry Chain Length                                               ; 70                 ; 70                 ;
; Auto Carry Chains                                                ; On                 ; On                 ;
; Auto Open-Drain Pins                                             ; On                 ; On                 ;
; Perform WYSIWYG Primitive Resynthesis                            ; Off                ; Off                ;
; Auto ROM Replacement                                             ; On                 ; On                 ;
; Auto RAM Replacement                                             ; On                 ; On                 ;
; Auto DSP Block Replacement                                       ; On                 ; On                 ;
; Auto Shift Register Replacement                                  ; Auto               ; Auto               ;
; Allow Shift Register Merging across Hierarchies                  ; Auto               ; Auto               ;
; Auto Clock Enable Replacement                                    ; On                 ; On                 ;
; Strict RAM Replacement                                           ; Off                ; Off                ;
; Allow Synchronous Control Signals                                ; On                 ; On                 ;
; Force Use of Synchronous Clear Signals                           ; Off                ; Off                ;
; Auto RAM Block Balancing                                         ; On                 ; On                 ;
; Auto RAM to Logic Cell Conversion                                ; Off                ; Off                ;
; Auto Resource Sharing                                            ; Off                ; Off                ;
; Allow Any RAM Size For Recognition                               ; Off                ; Off                ;
; Allow Any ROM Size For Recognition                               ; Off                ; Off                ;
; Allow Any Shift Register Size For Recognition                    ; Off                ; Off                ;
; Use LogicLock Constraints during Resource Balancing              ; On                 ; On                 ;
; Ignore translate_off and synthesis_off directives                ; Off                ; Off                ;
; Timing-Driven Synthesis                                          ; On                 ; On                 ;
; Report Parameter Settings                                        ; On                 ; On                 ;
; Report Source Assignments                                        ; On                 ; On                 ;
; Report Connectivity Checks                                       ; On                 ; On                 ;
; Ignore Maximum Fan-Out Assignments                               ; Off                ; Off                ;
; Synchronization Register Chain Length                            ; 2                  ; 2                  ;
; Power Optimization During Synthesis                              ; Normal compilation ; Normal compilation ;
; HDL message level                                                ; Level2             ; Level2             ;
; Suppress Register Optimization Related Messages                  ; Off                ; Off                ;
; Number of Removed Registers Reported in Synthesis Report         ; 5000               ; 5000               ;
; Number of Swept Nodes Reported in Synthesis Report               ; 5000               ; 5000               ;
; Number of Inverted Registers Reported in Synthesis Report        ; 100                ; 100                ;
; Clock MUX Protection                                             ; On                 ; On                 ;
; Auto Gated Clock Conversion                                      ; Off                ; Off                ;
; Block Design Naming                                              ; Auto               ; Auto               ;
; SDC constraint protection                                        ; Off                ; Off                ;
; Synthesis Effort                                                 ; Auto               ; Auto               ;
; Shift Register Replacement - Allow Asynchronous Clear Signal     ; On                 ; On                 ;
; Pre-Mapping Resynthesis Optimization                             ; Off                ; Off                ;
; Analysis & Synthesis Message Level                               ; Medium             ; Medium             ;
; Disable Register Merging Across Hierarchies                      ; Auto               ; Auto               ;
; Resource Aware Inference For Block RAM                           ; On                 ; On                 ;
+------------------------------------------------------------------+--------------------+--------------------+


+------------------------------------------+
; Parallel Compilation                     ;
+----------------------------+-------------+
; Processors                 ; Number      ;
+----------------------------+-------------+
; Number detected on machine ; 12          ;
; Maximum allowed            ; 6           ;
;                            ;             ;
; Average used               ; 1.01        ;
; Maximum used               ; 6           ;
;                            ;             ;
; Usage by Processor         ; % Time Used ;
;     Processor 1            ; 100.0%      ;
;     Processor 2            ;   0.3%      ;
;     Processor 3            ;   0.3%      ;
;     Processor 4            ;   0.2%      ;
;     Processor 5            ;   0.2%      ;
;     Processor 6            ;   0.2%      ;
+----------------------------+-------------+


+----------------------------------------------------------------------------------------------------------------------------------------------------------------------------+
; Analysis & Synthesis Source Files Read                                                                                                                                     ;
+----------------------------------+-----------------+------------------------------+------------------------------------------------------------------------------+---------+
; File Name with User-Entered Path ; Used in Netlist ; File Type                    ; File Name with Absolute Path                                                 ; Library ;
+----------------------------------+-----------------+------------------------------+------------------------------------------------------------------------------+---------+
; Pipe_V2.vhd                      ; yes             ; User VHDL File               ; C:/Users/Tamojeet/Downloads/Pipe_V4/Pipe(2)/Pipe_V2.vhd                      ;         ;
; DUT.vhdl                         ; yes             ; User VHDL File               ; C:/Users/Tamojeet/Downloads/Pipe_V4/Pipe(2)/DUT.vhdl                         ;         ;
; ALU_V2.vhdl                      ; yes             ; User VHDL File               ; C:/Users/Tamojeet/Downloads/Pipe_V4/Pipe(2)/ALU_V2.vhdl                      ;         ;
; altsyncram.tdf                   ; yes             ; Megafunction                 ; c:/intelfpga_lite/20.1/quartus/libraries/megafunctions/altsyncram.tdf        ;         ;
; stratix_ram_block.inc            ; yes             ; Megafunction                 ; c:/intelfpga_lite/20.1/quartus/libraries/megafunctions/stratix_ram_block.inc ;         ;
; lpm_mux.inc                      ; yes             ; Megafunction                 ; c:/intelfpga_lite/20.1/quartus/libraries/megafunctions/lpm_mux.inc           ;         ;
; lpm_decode.inc                   ; yes             ; Megafunction                 ; c:/intelfpga_lite/20.1/quartus/libraries/megafunctions/lpm_decode.inc        ;         ;
; aglobal201.inc                   ; yes             ; Megafunction                 ; c:/intelfpga_lite/20.1/quartus/libraries/megafunctions/aglobal201.inc        ;         ;
; a_rdenreg.inc                    ; yes             ; Megafunction                 ; c:/intelfpga_lite/20.1/quartus/libraries/megafunctions/a_rdenreg.inc         ;         ;
; altrom.inc                       ; yes             ; Megafunction                 ; c:/intelfpga_lite/20.1/quartus/libraries/megafunctions/altrom.inc            ;         ;
; altram.inc                       ; yes             ; Megafunction                 ; c:/intelfpga_lite/20.1/quartus/libraries/megafunctions/altram.inc            ;         ;
; altdpram.inc                     ; yes             ; Megafunction                 ; c:/intelfpga_lite/20.1/quartus/libraries/megafunctions/altdpram.inc          ;         ;
; db/altsyncram_ocg1.tdf           ; yes             ; Auto-Generated Megafunction  ; C:/Users/Tamojeet/Downloads/Pipe_V4/Pipe(2)/db/altsyncram_ocg1.tdf           ;         ;
+----------------------------------+-----------------+------------------------------+------------------------------------------------------------------------------+---------+


+---------------------------------------------------------------------+
; Analysis & Synthesis Resource Usage Summary                         ;
+---------------------------------------------+-----------------------+
; Resource                                    ; Usage                 ;
+---------------------------------------------+-----------------------+
; Estimated Total logic elements              ; 38,962                ;
;                                             ;                       ;
; Total combinational functions               ; 26606                 ;
; Logic element usage by number of LUT inputs ;                       ;
;     -- 4 input functions                    ; 22611                 ;
;     -- 3 input functions                    ; 492                   ;
;     -- <=2 input functions                  ; 3503                  ;
;                                             ;                       ;
; Logic elements by mode                      ;                       ;
;     -- normal mode                          ; 26484                 ;
;     -- arithmetic mode                      ; 122                   ;
;                                             ;                       ;
; Total registers                             ; 15766                 ;
;     -- Dedicated logic registers            ; 15766                 ;
;     -- I/O registers                        ; 0                     ;
;                                             ;                       ;
; I/O pins                                    ; 131                   ;
; Total memory bits                           ; 2048                  ;
;                                             ;                       ;
; Embedded Multiplier 9-bit elements          ; 0                     ;
;                                             ;                       ;
; Maximum fan-out node                        ; input_vector[0]~input ;
; Maximum fan-out                             ; 15768                 ;
; Total fan-out                               ; 143276                ;
; Average fan-out                             ; 3.36                  ;
+---------------------------------------------+-----------------------+


+-------------------------------------------------------------------------------------------------------------------------------------------------------------------------------------------------------------------------------------------------------------------------------------------------------------------------+
; Analysis & Synthesis Resource Utilization by Entity                                                                                                                                                                                                                                                                     ;
+-------------------------------------------+---------------------+---------------------------+-------------+------------+--------------+---------+-----------+------+--------------+------------+---------------------------------------------------------------------------------------+-----------------+--------------+
; Compilation Hierarchy Node                ; Combinational ALUTs ; Dedicated Logic Registers ; Memory Bits ; UFM Blocks ; DSP Elements ; DSP 9x9 ; DSP 18x18 ; Pins ; Virtual Pins ; ADC blocks ; Full Hierarchy Name                                                                   ; Entity Name     ; Library Name ;
+-------------------------------------------+---------------------+---------------------------+-------------+------------+--------------+---------+-----------+------+--------------+------------+---------------------------------------------------------------------------------------+-----------------+--------------+
; |DUT                                      ; 26606 (0)           ; 15766 (0)                 ; 2048        ; 0          ; 0            ; 0       ; 0         ; 131  ; 0            ; 0          ; |DUT                                                                                  ; DUT             ; work         ;
;    |pipeline:add_instance|                ; 26606 (26502)       ; 15766 (15766)             ; 2048        ; 0          ; 0            ; 0       ; 0         ; 0    ; 0            ; 0          ; |DUT|pipeline:add_instance                                                            ; pipeline        ; work         ;
;       |ALU:MainALU|                       ; 104 (104)           ; 0 (0)                     ; 0           ; 0          ; 0            ; 0       ; 0         ; 0    ; 0            ; 0          ; |DUT|pipeline:add_instance|ALU:MainALU                                                ; ALU             ; work         ;
;       |altsyncram:mem_reg[0][0]__1|       ; 0 (0)               ; 0 (0)                     ; 1024        ; 0          ; 0            ; 0       ; 0         ; 0    ; 0            ; 0          ; |DUT|pipeline:add_instance|altsyncram:mem_reg[0][0]__1                                ; altsyncram      ; work         ;
;          |altsyncram_ocg1:auto_generated| ; 0 (0)               ; 0 (0)                     ; 1024        ; 0          ; 0            ; 0       ; 0         ; 0    ; 0            ; 0          ; |DUT|pipeline:add_instance|altsyncram:mem_reg[0][0]__1|altsyncram_ocg1:auto_generated ; altsyncram_ocg1 ; work         ;
;       |altsyncram:mem_reg[0][0]__2|       ; 0 (0)               ; 0 (0)                     ; 1024        ; 0          ; 0            ; 0       ; 0         ; 0    ; 0            ; 0          ; |DUT|pipeline:add_instance|altsyncram:mem_reg[0][0]__2                                ; altsyncram      ; work         ;
;          |altsyncram_ocg1:auto_generated| ; 0 (0)               ; 0 (0)                     ; 1024        ; 0          ; 0            ; 0       ; 0         ; 0    ; 0            ; 0          ; |DUT|pipeline:add_instance|altsyncram:mem_reg[0][0]__2|altsyncram_ocg1:auto_generated ; altsyncram_ocg1 ; work         ;
+-------------------------------------------+---------------------+---------------------------+-------------+------------+--------------+---------+-----------+------+--------------+------------+---------------------------------------------------------------------------------------+-----------------+--------------+
Note: For table entries with two numbers listed, the numbers in parentheses indicate the number of resources of the given type used by the specific entity alone. The numbers listed outside of parentheses indicate the total resources of the given type used by the specific entity and all of its sub-entities in the hierarchy.


+-------------------------------------------------------------------------------------------------------------------------------------------------------------------------------------------------+
; Analysis & Synthesis RAM Summary                                                                                                                                                                ;
+---------------------------------------------------------------------------------------------+------+------------------+--------------+--------------+--------------+--------------+------+------+
; Name                                                                                        ; Type ; Mode             ; Port A Depth ; Port A Width ; Port B Depth ; Port B Width ; Size ; MIF  ;
+---------------------------------------------------------------------------------------------+------+------------------+--------------+--------------+--------------+--------------+------+------+
; pipeline:add_instance|altsyncram:mem_reg[0][0]__1|altsyncram_ocg1:auto_generated|ALTSYNCRAM ; AUTO ; Simple Dual Port ; 1024         ; 1            ; 1024         ; 1            ; 1024 ; None ;
; pipeline:add_instance|altsyncram:mem_reg[0][0]__2|altsyncram_ocg1:auto_generated|ALTSYNCRAM ; AUTO ; Simple Dual Port ; 1024         ; 1            ; 1024         ; 1            ; 1024 ; None ;
+---------------------------------------------------------------------------------------------+------+------------------+--------------+--------------+--------------+--------------+------+------+


+---------------------------------------------------------------------------------------------+
; Registers Removed During Synthesis                                                          ;
+------------------------------------------------+--------------------------------------------+
; Register name                                  ; Reason for Removal                         ;
+------------------------------------------------+--------------------------------------------+
; pipeline:add_instance|mem_reg_0__0__bypass[2]  ; Merged with pipeline:add_instance|RF[0][0] ;
; pipeline:add_instance|mem_reg_0__0__bypass[4]  ; Merged with pipeline:add_instance|RF[0][1] ;
; pipeline:add_instance|mem_reg_0__0__bypass[6]  ; Merged with pipeline:add_instance|RF[0][2] ;
; pipeline:add_instance|mem_reg_0__0__bypass[8]  ; Merged with pipeline:add_instance|RF[0][3] ;
; pipeline:add_instance|mem_reg_0__0__bypass[10] ; Merged with pipeline:add_instance|RF[0][4] ;
; pipeline:add_instance|mem_reg_0__0__bypass[12] ; Merged with pipeline:add_instance|RF[0][5] ;
; pipeline:add_instance|mem_reg_0__0__bypass[14] ; Merged with pipeline:add_instance|RF[0][6] ;
; pipeline:add_instance|mem_reg_0__0__bypass[16] ; Merged with pipeline:add_instance|RF[0][7] ;
; pipeline:add_instance|mem_reg_0__0__bypass[18] ; Merged with pipeline:add_instance|RF[0][8] ;
; pipeline:add_instance|mem_reg_0__0__bypass[20] ; Merged with pipeline:add_instance|RF[0][9] ;
; Total Number of Removed Registers = 10         ;                                            ;
+------------------------------------------------+--------------------------------------------+


+------------------------------------------------------+
; General Register Statistics                          ;
+----------------------------------------------+-------+
; Statistic                                    ; Value ;
+----------------------------------------------+-------+
; Total registers                              ; 15766 ;
; Number of registers using Synchronous Clear  ; 0     ;
; Number of registers using Synchronous Load   ; 28    ;
; Number of registers using Asynchronous Clear ; 0     ;
; Number of registers using Asynchronous Load  ; 0     ;
; Number of registers using Clock Enable       ; 15555 ;
; Number of registers using Preset             ; 0     ;
+----------------------------------------------+-------+


+------------------------------------------------------+
; Inverted Register Statistics                         ;
+--------------------------------------------+---------+
; Inverted Register                          ; Fan out ;
+--------------------------------------------+---------+
; pipeline:add_instance|RF[1][0]             ; 9       ;
; pipeline:add_instance|RF[2][1]             ; 9       ;
; pipeline:add_instance|RF[3][0]             ; 8       ;
; pipeline:add_instance|RF[3][1]             ; 8       ;
; pipeline:add_instance|RF[4][2]             ; 9       ;
; pipeline:add_instance|RF[5][0]             ; 8       ;
; pipeline:add_instance|RF[5][2]             ; 8       ;
; pipeline:add_instance|RF[6][1]             ; 8       ;
; pipeline:add_instance|RF[6][2]             ; 8       ;
; pipeline:add_instance|RF[6][3]             ; 8       ;
; pipeline:add_instance|RF[6][4]             ; 8       ;
; pipeline:add_instance|RF[7][0]             ; 8       ;
; pipeline:add_instance|RF[7][1]             ; 8       ;
; pipeline:add_instance|RF[7][2]             ; 8       ;
; pipeline:add_instance|ir5[14]              ; 43      ;
; pipeline:add_instance|ir5[15]              ; 37      ;
; pipeline:add_instance|ir5[13]              ; 45      ;
; pipeline:add_instance|ir1[15]              ; 7       ;
; pipeline:add_instance|ir1[14]              ; 7       ;
; pipeline:add_instance|ir1[13]              ; 7       ;
; pipeline:add_instance|ir4[14]              ; 3       ;
; pipeline:add_instance|ir4[15]              ; 3       ;
; pipeline:add_instance|ir4[13]              ; 3       ;
; pipeline:add_instance|mem_reg[31][1]       ; 2       ;
; pipeline:add_instance|mem_reg[0][1]        ; 2       ;
; pipeline:add_instance|mem_reg[235][1]      ; 2       ;
; pipeline:add_instance|mem_reg[31][2]       ; 2       ;
; pipeline:add_instance|mem_reg[0][2]        ; 2       ;
; pipeline:add_instance|mem_reg[235][2]      ; 2       ;
; pipeline:add_instance|mem_reg[3][3]        ; 2       ;
; pipeline:add_instance|mem_reg[0][3]        ; 2       ;
; pipeline:add_instance|mem_reg[235][3]      ; 2       ;
; pipeline:add_instance|mem_reg[30][4]       ; 2       ;
; pipeline:add_instance|mem_reg[31][5]       ; 2       ;
; pipeline:add_instance|mem_reg[30][6]       ; 2       ;
; pipeline:add_instance|mem_reg[3][6]        ; 2       ;
; pipeline:add_instance|mem_reg[31][6]       ; 2       ;
; pipeline:add_instance|mem_reg[235][7]      ; 2       ;
; pipeline:add_instance|mem_reg[30][7]       ; 2       ;
; pipeline:add_instance|mem_reg[3][8]        ; 2       ;
; pipeline:add_instance|mem_reg[30][8]       ; 2       ;
; pipeline:add_instance|mem_reg[3][9]        ; 2       ;
; pipeline:add_instance|mem_reg[31][9]       ; 2       ;
; pipeline:add_instance|mem_reg[235][9]      ; 2       ;
; pipeline:add_instance|mem_reg[0][10]       ; 2       ;
; pipeline:add_instance|mem_reg[3][10]       ; 2       ;
; pipeline:add_instance|mem_reg[31][10]      ; 2       ;
; pipeline:add_instance|mem_reg[30][10]      ; 2       ;
; pipeline:add_instance|mem_reg[30][11]      ; 2       ;
; pipeline:add_instance|mem_reg[31][11]      ; 2       ;
; pipeline:add_instance|mem_reg[235][12]     ; 2       ;
; pipeline:add_instance|mem_reg[3][12]       ; 2       ;
; pipeline:add_instance|mem_reg[0][12]       ; 2       ;
; pipeline:add_instance|mem_reg[30][12]      ; 2       ;
; pipeline:add_instance|mem_reg[716][13]     ; 2       ;
; pipeline:add_instance|mem_reg[714][13]     ; 2       ;
; pipeline:add_instance|mem_reg[712][13]     ; 2       ;
; pipeline:add_instance|mem_reg[718][13]     ; 2       ;
; pipeline:add_instance|mem_reg[203][13]     ; 2       ;
; pipeline:add_instance|mem_reg[205][13]     ; 2       ;
; pipeline:add_instance|mem_reg[201][13]     ; 2       ;
; pipeline:add_instance|mem_reg[207][13]     ; 2       ;
; pipeline:add_instance|mem_reg[202][13]     ; 2       ;
; pipeline:add_instance|mem_reg[204][13]     ; 2       ;
; pipeline:add_instance|mem_reg[200][13]     ; 2       ;
; pipeline:add_instance|mem_reg[206][13]     ; 2       ;
; pipeline:add_instance|mem_reg[717][13]     ; 2       ;
; pipeline:add_instance|mem_reg[715][13]     ; 2       ;
; pipeline:add_instance|mem_reg[713][13]     ; 2       ;
; pipeline:add_instance|mem_reg[719][13]     ; 2       ;
; pipeline:add_instance|mem_reg[908][13]     ; 2       ;
; pipeline:add_instance|mem_reg[906][13]     ; 2       ;
; pipeline:add_instance|mem_reg[904][13]     ; 2       ;
; pipeline:add_instance|mem_reg[910][13]     ; 2       ;
; pipeline:add_instance|mem_reg[395][13]     ; 2       ;
; pipeline:add_instance|mem_reg[397][13]     ; 2       ;
; pipeline:add_instance|mem_reg[393][13]     ; 2       ;
; pipeline:add_instance|mem_reg[399][13]     ; 2       ;
; pipeline:add_instance|mem_reg[394][13]     ; 2       ;
; pipeline:add_instance|mem_reg[396][13]     ; 2       ;
; pipeline:add_instance|mem_reg[392][13]     ; 2       ;
; pipeline:add_instance|mem_reg[398][13]     ; 2       ;
; pipeline:add_instance|mem_reg[909][13]     ; 2       ;
; pipeline:add_instance|mem_reg[907][13]     ; 2       ;
; pipeline:add_instance|mem_reg[905][13]     ; 2       ;
; pipeline:add_instance|mem_reg[911][13]     ; 2       ;
; pipeline:add_instance|mem_reg[652][13]     ; 2       ;
; pipeline:add_instance|mem_reg[650][13]     ; 2       ;
; pipeline:add_instance|mem_reg[648][13]     ; 2       ;
; pipeline:add_instance|mem_reg[654][13]     ; 2       ;
; pipeline:add_instance|mem_reg[139][13]     ; 2       ;
; pipeline:add_instance|mem_reg[141][13]     ; 2       ;
; pipeline:add_instance|mem_reg[137][13]     ; 2       ;
; pipeline:add_instance|mem_reg[143][13]     ; 2       ;
; pipeline:add_instance|mem_reg[138][13]     ; 2       ;
; pipeline:add_instance|mem_reg[140][13]     ; 2       ;
; pipeline:add_instance|mem_reg[136][13]     ; 2       ;
; pipeline:add_instance|mem_reg[142][13]     ; 2       ;
; pipeline:add_instance|mem_reg[653][13]     ; 2       ;
; pipeline:add_instance|mem_reg[651][13]     ; 2       ;
; Total number of inverted registers = 3123* ;         ;
+--------------------------------------------+---------+
* Table truncated at 100 items. To change the number of inverted registers reported, set the "Number of Inverted Registers Reported" option under Assignments->Settings->Analysis and Synthesis Settings->More Settings


+--------------------------------------------------------+
; Registers Added for RAM Pass-Through Logic             ;
+--------------------------+-----------------------------+
; Register Name            ; RAM Name                    ;
+--------------------------+-----------------------------+
; mem_reg_0__0__bypass[0]  ; altsyncram:mem_reg[0][0]__2 ;
; mem_reg_0__0__bypass[1]  ; altsyncram:mem_reg[0][0]__2 ;
; mem_reg_0__0__bypass[2]  ; altsyncram:mem_reg[0][0]__2 ;
; mem_reg_0__0__bypass[3]  ; altsyncram:mem_reg[0][0]__2 ;
; mem_reg_0__0__bypass[4]  ; altsyncram:mem_reg[0][0]__2 ;
; mem_reg_0__0__bypass[5]  ; altsyncram:mem_reg[0][0]__2 ;
; mem_reg_0__0__bypass[6]  ; altsyncram:mem_reg[0][0]__2 ;
; mem_reg_0__0__bypass[7]  ; altsyncram:mem_reg[0][0]__2 ;
; mem_reg_0__0__bypass[8]  ; altsyncram:mem_reg[0][0]__2 ;
; mem_reg_0__0__bypass[9]  ; altsyncram:mem_reg[0][0]__2 ;
; mem_reg_0__0__bypass[10] ; altsyncram:mem_reg[0][0]__2 ;
; mem_reg_0__0__bypass[11] ; altsyncram:mem_reg[0][0]__2 ;
; mem_reg_0__0__bypass[12] ; altsyncram:mem_reg[0][0]__2 ;
; mem_reg_0__0__bypass[13] ; altsyncram:mem_reg[0][0]__2 ;
; mem_reg_0__0__bypass[14] ; altsyncram:mem_reg[0][0]__2 ;
; mem_reg_0__0__bypass[15] ; altsyncram:mem_reg[0][0]__2 ;
; mem_reg_0__0__bypass[16] ; altsyncram:mem_reg[0][0]__2 ;
; mem_reg_0__0__bypass[17] ; altsyncram:mem_reg[0][0]__2 ;
; mem_reg_0__0__bypass[18] ; altsyncram:mem_reg[0][0]__2 ;
; mem_reg_0__0__bypass[19] ; altsyncram:mem_reg[0][0]__2 ;
; mem_reg_0__0__bypass[20] ; altsyncram:mem_reg[0][0]__2 ;
; mem_reg_0__0__bypass[21] ; altsyncram:mem_reg[0][0]__2 ;
+--------------------------+-----------------------------+


+---------------------------------------------------------------------------------------------------------------------------------------------------------------------+
; Multiplexer Restructuring Statistics (Restructuring Performed)                                                                                                      ;
+--------------------+-----------+---------------+----------------------+------------------------+------------+-------------------------------------------------------+
; Multiplexer Inputs ; Bus Width ; Baseline Area ; Area if Restructured ; Saving if Restructured ; Registered ; Example Multiplexer Output                            ;
+--------------------+-----------+---------------+----------------------+------------------------+------------+-------------------------------------------------------+
; 3:1                ; 15 bits   ; 30 LEs        ; 15 LEs               ; 15 LEs                 ; Yes        ; |DUT|pipeline:add_instance|RF[1][12]                  ;
; 3:1                ; 15 bits   ; 30 LEs        ; 15 LEs               ; 15 LEs                 ; Yes        ; |DUT|pipeline:add_instance|RF[2][2]                   ;
; 3:1                ; 14 bits   ; 28 LEs        ; 14 LEs               ; 14 LEs                 ; Yes        ; |DUT|pipeline:add_instance|RF[3][15]                  ;
; 3:1                ; 15 bits   ; 30 LEs        ; 15 LEs               ; 15 LEs                 ; Yes        ; |DUT|pipeline:add_instance|RF[4][15]                  ;
; 3:1                ; 14 bits   ; 28 LEs        ; 14 LEs               ; 14 LEs                 ; Yes        ; |DUT|pipeline:add_instance|RF[5][9]                   ;
; 3:1                ; 12 bits   ; 24 LEs        ; 12 LEs               ; 12 LEs                 ; Yes        ; |DUT|pipeline:add_instance|RF[6][0]                   ;
; 3:1                ; 13 bits   ; 26 LEs        ; 13 LEs               ; 13 LEs                 ; Yes        ; |DUT|pipeline:add_instance|RF[7][4]                   ;
; 4:1                ; 32 bits   ; 64 LEs        ; 64 LEs               ; 0 LEs                  ; Yes        ; |DUT|pipeline:add_instance|pc_change_wait_counter[11] ;
; 8:1                ; 16 bits   ; 80 LEs        ; 80 LEs               ; 0 LEs                  ; Yes        ; |DUT|pipeline:add_instance|r_dest[7]                  ;
; 13:1               ; 16 bits   ; 128 LEs       ; 112 LEs              ; 16 LEs                 ; Yes        ; |DUT|pipeline:add_instance|alu_load_b[6]              ;
; 1024:1             ; 15 bits   ; 10230 LEs     ; 10230 LEs            ; 0 LEs                  ; Yes        ; |DUT|pipeline:add_instance|mem_read_out[11]           ;
; 13:1               ; 16 bits   ; 128 LEs       ; 96 LEs               ; 32 LEs                 ; Yes        ; |DUT|pipeline:add_instance|alu_load_a[4]              ;
; 1026:1             ; 12 bits   ; 8208 LEs      ; 8184 LEs             ; 24 LEs                 ; Yes        ; |DUT|pipeline:add_instance|ir1[1]                     ;
; 21:1               ; 5 bits    ; 70 LEs        ; 20 LEs               ; 50 LEs                 ; Yes        ; |DUT|pipeline:add_instance|RF[0][13]                  ;
; 56:1               ; 5 bits    ; 185 LEs       ; 50 LEs               ; 135 LEs                ; Yes        ; |DUT|pipeline:add_instance|alu_b[1]                   ;
; 61:1               ; 9 bits    ; 360 LEs       ; 90 LEs               ; 270 LEs                ; Yes        ; |DUT|pipeline:add_instance|alu_b[8]                   ;
; 63:1               ; 10 bits   ; 420 LEs       ; 100 LEs              ; 320 LEs                ; Yes        ; |DUT|pipeline:add_instance|alu_a[9]                   ;
; 67:1               ; 5 bits    ; 220 LEs       ; 50 LEs               ; 170 LEs                ; Yes        ; |DUT|pipeline:add_instance|alu_a[5]                   ;
; 3:1                ; 2 bits    ; 4 LEs         ; 2 LEs                ; 2 LEs                  ; Yes        ; |DUT|pipeline:add_instance|RF[3][0]                   ;
; 3:1                ; 2 bits    ; 4 LEs         ; 2 LEs                ; 2 LEs                  ; Yes        ; |DUT|pipeline:add_instance|RF[5][0]                   ;
; 3:1                ; 4 bits    ; 8 LEs         ; 4 LEs                ; 4 LEs                  ; Yes        ; |DUT|pipeline:add_instance|RF[6][2]                   ;
; 3:1                ; 3 bits    ; 6 LEs         ; 3 LEs                ; 3 LEs                  ; Yes        ; |DUT|pipeline:add_instance|RF[7][0]                   ;
; 1026:1             ; 3 bits    ; 2052 LEs      ; 2046 LEs             ; 6 LEs                  ; Yes        ; |DUT|pipeline:add_instance|ir1[13]                    ;
; 3:1                ; 16 bits   ; 32 LEs        ; 32 LEs               ; 0 LEs                  ; No         ; |DUT|pipeline:add_instance|ALU:MainALU|ALU_in_B[11]   ;
; 3:1                ; 16 bits   ; 32 LEs        ; 32 LEs               ; 0 LEs                  ; No         ; |DUT|pipeline:add_instance|ALU:MainALU|Output[13]     ;
; 4:1                ; 7 bits    ; 14 LEs        ; 14 LEs               ; 0 LEs                  ; No         ; |DUT|pipeline:add_instance|RF                         ;
; 4:1                ; 9 bits    ; 18 LEs        ; 18 LEs               ; 0 LEs                  ; No         ; |DUT|pipeline:add_instance|RF                         ;
; 4:1                ; 7 bits    ; 14 LEs        ; 14 LEs               ; 0 LEs                  ; No         ; |DUT|pipeline:add_instance|RF                         ;
; 8:1                ; 16 bits   ; 80 LEs        ; 80 LEs               ; 0 LEs                  ; No         ; |DUT|pipeline:add_instance|Mux113                     ;
; 8:1                ; 16 bits   ; 80 LEs        ; 80 LEs               ; 0 LEs                  ; No         ; |DUT|pipeline:add_instance|Mux141                     ;
; 7:1                ; 2 bits    ; 8 LEs         ; 8 LEs                ; 0 LEs                  ; No         ; |DUT|pipeline:add_instance|alu_a                      ;
; 7:1                ; 2 bits    ; 8 LEs         ; 8 LEs                ; 0 LEs                  ; No         ; |DUT|pipeline:add_instance|alu_b                      ;
; 21:1               ; 9 bits    ; 126 LEs       ; 45 LEs               ; 81 LEs                 ; No         ; |DUT|pipeline:add_instance|RF                         ;
+--------------------+-----------+---------------+----------------------+------------------------+------------+-------------------------------------------------------+


+---------------------------------------------------------------------------------------------------------+
; Source assignments for pipeline:add_instance|altsyncram:mem_reg[0][0]__1|altsyncram_ocg1:auto_generated ;
+---------------------------------+--------------------+------+-------------------------------------------+
; Assignment                      ; Value              ; From ; To                                        ;
+---------------------------------+--------------------+------+-------------------------------------------+
; OPTIMIZE_POWER_DURING_SYNTHESIS ; NORMAL_COMPILATION ; -    ; -                                         ;
+---------------------------------+--------------------+------+-------------------------------------------+


+---------------------------------------------------------------------------------------------------------+
; Source assignments for pipeline:add_instance|altsyncram:mem_reg[0][0]__2|altsyncram_ocg1:auto_generated ;
+---------------------------------+--------------------+------+-------------------------------------------+
; Assignment                      ; Value              ; From ; To                                        ;
+---------------------------------+--------------------+------+-------------------------------------------+
; OPTIMIZE_POWER_DURING_SYNTHESIS ; NORMAL_COMPILATION ; -    ; -                                         ;
+---------------------------------+--------------------+------+-------------------------------------------+


+------------------------------------------------------------------------------------------------+
; Parameter Settings for User Entity Instance: pipeline:add_instance|altsyncram:mem_reg[0][0]__1 ;
+------------------------------------+----------------------+------------------------------------+
; Parameter Name                     ; Value                ; Type                               ;
+------------------------------------+----------------------+------------------------------------+
; BYTE_SIZE_BLOCK                    ; 8                    ; Untyped                            ;
; AUTO_CARRY_CHAINS                  ; ON                   ; AUTO_CARRY                         ;
; IGNORE_CARRY_BUFFERS               ; OFF                  ; IGNORE_CARRY                       ;
; AUTO_CASCADE_CHAINS                ; ON                   ; AUTO_CASCADE                       ;
; IGNORE_CASCADE_BUFFERS             ; OFF                  ; IGNORE_CASCADE                     ;
; WIDTH_BYTEENA                      ; 1                    ; Untyped                            ;
; OPERATION_MODE                     ; DUAL_PORT            ; Untyped                            ;
; WIDTH_A                            ; 1                    ; Untyped                            ;
; WIDTHAD_A                          ; 10                   ; Untyped                            ;
; NUMWORDS_A                         ; 1024                 ; Untyped                            ;
; OUTDATA_REG_A                      ; UNREGISTERED         ; Untyped                            ;
; ADDRESS_ACLR_A                     ; NONE                 ; Untyped                            ;
; OUTDATA_ACLR_A                     ; NONE                 ; Untyped                            ;
; WRCONTROL_ACLR_A                   ; NONE                 ; Untyped                            ;
; INDATA_ACLR_A                      ; NONE                 ; Untyped                            ;
; BYTEENA_ACLR_A                     ; NONE                 ; Untyped                            ;
; WIDTH_B                            ; 1                    ; Untyped                            ;
; WIDTHAD_B                          ; 10                   ; Untyped                            ;
; NUMWORDS_B                         ; 1024                 ; Untyped                            ;
; INDATA_REG_B                       ; CLOCK1               ; Untyped                            ;
; WRCONTROL_WRADDRESS_REG_B          ; CLOCK1               ; Untyped                            ;
; RDCONTROL_REG_B                    ; CLOCK1               ; Untyped                            ;
; ADDRESS_REG_B                      ; CLOCK0               ; Untyped                            ;
; OUTDATA_REG_B                      ; UNREGISTERED         ; Untyped                            ;
; BYTEENA_REG_B                      ; CLOCK1               ; Untyped                            ;
; INDATA_ACLR_B                      ; NONE                 ; Untyped                            ;
; WRCONTROL_ACLR_B                   ; NONE                 ; Untyped                            ;
; ADDRESS_ACLR_B                     ; NONE                 ; Untyped                            ;
; OUTDATA_ACLR_B                     ; NONE                 ; Untyped                            ;
; RDCONTROL_ACLR_B                   ; NONE                 ; Untyped                            ;
; BYTEENA_ACLR_B                     ; NONE                 ; Untyped                            ;
; WIDTH_BYTEENA_A                    ; 1                    ; Untyped                            ;
; WIDTH_BYTEENA_B                    ; 1                    ; Untyped                            ;
; RAM_BLOCK_TYPE                     ; AUTO                 ; Untyped                            ;
; BYTE_SIZE                          ; 8                    ; Untyped                            ;
; READ_DURING_WRITE_MODE_MIXED_PORTS ; OLD_DATA             ; Untyped                            ;
; READ_DURING_WRITE_MODE_PORT_A      ; NEW_DATA_NO_NBE_READ ; Untyped                            ;
; READ_DURING_WRITE_MODE_PORT_B      ; NEW_DATA_NO_NBE_READ ; Untyped                            ;
; INIT_FILE                          ; UNUSED               ; Untyped                            ;
; INIT_FILE_LAYOUT                   ; PORT_A               ; Untyped                            ;
; MAXIMUM_DEPTH                      ; 0                    ; Untyped                            ;
; CLOCK_ENABLE_INPUT_A               ; NORMAL               ; Untyped                            ;
; CLOCK_ENABLE_INPUT_B               ; NORMAL               ; Untyped                            ;
; CLOCK_ENABLE_OUTPUT_A              ; NORMAL               ; Untyped                            ;
; CLOCK_ENABLE_OUTPUT_B              ; NORMAL               ; Untyped                            ;
; CLOCK_ENABLE_CORE_A                ; USE_INPUT_CLKEN      ; Untyped                            ;
; CLOCK_ENABLE_CORE_B                ; USE_INPUT_CLKEN      ; Untyped                            ;
; ENABLE_ECC                         ; FALSE                ; Untyped                            ;
; ECC_PIPELINE_STAGE_ENABLED         ; FALSE                ; Untyped                            ;
; WIDTH_ECCSTATUS                    ; 3                    ; Untyped                            ;
; DEVICE_FAMILY                      ; MAX 10               ; Untyped                            ;
; CBXI_PARAMETER                     ; altsyncram_ocg1      ; Untyped                            ;
+------------------------------------+----------------------+------------------------------------+
Note: In order to hide this table in the UI and the text report file, please set the "Show Parameter Settings in Synthesis Report" option in "Analysis and Synthesis Settings -> More Settings" to "Off".


+------------------------------------------------------------------------------------------------+
; Parameter Settings for User Entity Instance: pipeline:add_instance|altsyncram:mem_reg[0][0]__2 ;
+------------------------------------+----------------------+------------------------------------+
; Parameter Name                     ; Value                ; Type                               ;
+------------------------------------+----------------------+------------------------------------+
; BYTE_SIZE_BLOCK                    ; 8                    ; Untyped                            ;
; AUTO_CARRY_CHAINS                  ; ON                   ; AUTO_CARRY                         ;
; IGNORE_CARRY_BUFFERS               ; OFF                  ; IGNORE_CARRY                       ;
; AUTO_CASCADE_CHAINS                ; ON                   ; AUTO_CASCADE                       ;
; IGNORE_CASCADE_BUFFERS             ; OFF                  ; IGNORE_CASCADE                     ;
; WIDTH_BYTEENA                      ; 1                    ; Untyped                            ;
; OPERATION_MODE                     ; DUAL_PORT            ; Untyped                            ;
; WIDTH_A                            ; 1                    ; Untyped                            ;
; WIDTHAD_A                          ; 10                   ; Untyped                            ;
; NUMWORDS_A                         ; 1024                 ; Untyped                            ;
; OUTDATA_REG_A                      ; UNREGISTERED         ; Untyped                            ;
; ADDRESS_ACLR_A                     ; NONE                 ; Untyped                            ;
; OUTDATA_ACLR_A                     ; NONE                 ; Untyped                            ;
; WRCONTROL_ACLR_A                   ; NONE                 ; Untyped                            ;
; INDATA_ACLR_A                      ; NONE                 ; Untyped                            ;
; BYTEENA_ACLR_A                     ; NONE                 ; Untyped                            ;
; WIDTH_B                            ; 1                    ; Untyped                            ;
; WIDTHAD_B                          ; 10                   ; Untyped                            ;
; NUMWORDS_B                         ; 1024                 ; Untyped                            ;
; INDATA_REG_B                       ; CLOCK1               ; Untyped                            ;
; WRCONTROL_WRADDRESS_REG_B          ; CLOCK1               ; Untyped                            ;
; RDCONTROL_REG_B                    ; CLOCK1               ; Untyped                            ;
; ADDRESS_REG_B                      ; CLOCK0               ; Untyped                            ;
; OUTDATA_REG_B                      ; UNREGISTERED         ; Untyped                            ;
; BYTEENA_REG_B                      ; CLOCK1               ; Untyped                            ;
; INDATA_ACLR_B                      ; NONE                 ; Untyped                            ;
; WRCONTROL_ACLR_B                   ; NONE                 ; Untyped                            ;
; ADDRESS_ACLR_B                     ; NONE                 ; Untyped                            ;
; OUTDATA_ACLR_B                     ; NONE                 ; Untyped                            ;
; RDCONTROL_ACLR_B                   ; NONE                 ; Untyped                            ;
; BYTEENA_ACLR_B                     ; NONE                 ; Untyped                            ;
; WIDTH_BYTEENA_A                    ; 1                    ; Untyped                            ;
; WIDTH_BYTEENA_B                    ; 1                    ; Untyped                            ;
; RAM_BLOCK_TYPE                     ; AUTO                 ; Untyped                            ;
; BYTE_SIZE                          ; 8                    ; Untyped                            ;
; READ_DURING_WRITE_MODE_MIXED_PORTS ; OLD_DATA             ; Untyped                            ;
; READ_DURING_WRITE_MODE_PORT_A      ; NEW_DATA_NO_NBE_READ ; Untyped                            ;
; READ_DURING_WRITE_MODE_PORT_B      ; NEW_DATA_NO_NBE_READ ; Untyped                            ;
; INIT_FILE                          ; UNUSED               ; Untyped                            ;
; INIT_FILE_LAYOUT                   ; PORT_A               ; Untyped                            ;
; MAXIMUM_DEPTH                      ; 0                    ; Untyped                            ;
; CLOCK_ENABLE_INPUT_A               ; NORMAL               ; Untyped                            ;
; CLOCK_ENABLE_INPUT_B               ; NORMAL               ; Untyped                            ;
; CLOCK_ENABLE_OUTPUT_A              ; NORMAL               ; Untyped                            ;
; CLOCK_ENABLE_OUTPUT_B              ; NORMAL               ; Untyped                            ;
; CLOCK_ENABLE_CORE_A                ; USE_INPUT_CLKEN      ; Untyped                            ;
; CLOCK_ENABLE_CORE_B                ; USE_INPUT_CLKEN      ; Untyped                            ;
; ENABLE_ECC                         ; FALSE                ; Untyped                            ;
; ECC_PIPELINE_STAGE_ENABLED         ; FALSE                ; Untyped                            ;
; WIDTH_ECCSTATUS                    ; 3                    ; Untyped                            ;
; DEVICE_FAMILY                      ; MAX 10               ; Untyped                            ;
; CBXI_PARAMETER                     ; altsyncram_ocg1      ; Untyped                            ;
+------------------------------------+----------------------+------------------------------------+
Note: In order to hide this table in the UI and the text report file, please set the "Show Parameter Settings in Synthesis Report" option in "Analysis and Synthesis Settings -> More Settings" to "Off".


+-----------------------------------------------------------------------------------------------+
; altsyncram Parameter Settings by Entity Instance                                              ;
+-------------------------------------------+---------------------------------------------------+
; Name                                      ; Value                                             ;
+-------------------------------------------+---------------------------------------------------+
; Number of entity instances                ; 2                                                 ;
; Entity Instance                           ; pipeline:add_instance|altsyncram:mem_reg[0][0]__1 ;
;     -- OPERATION_MODE                     ; DUAL_PORT                                         ;
;     -- WIDTH_A                            ; 1                                                 ;
;     -- NUMWORDS_A                         ; 1024                                              ;
;     -- OUTDATA_REG_A                      ; UNREGISTERED                                      ;
;     -- WIDTH_B                            ; 1                                                 ;
;     -- NUMWORDS_B                         ; 1024                                              ;
;     -- ADDRESS_REG_B                      ; CLOCK0                                            ;
;     -- OUTDATA_REG_B                      ; UNREGISTERED                                      ;
;     -- RAM_BLOCK_TYPE                     ; AUTO                                              ;
;     -- READ_DURING_WRITE_MODE_MIXED_PORTS ; OLD_DATA                                          ;
; Entity Instance                           ; pipeline:add_instance|altsyncram:mem_reg[0][0]__2 ;
;     -- OPERATION_MODE                     ; DUAL_PORT                                         ;
;     -- WIDTH_A                            ; 1                                                 ;
;     -- NUMWORDS_A                         ; 1024                                              ;
;     -- OUTDATA_REG_A                      ; UNREGISTERED                                      ;
;     -- WIDTH_B                            ; 1                                                 ;
;     -- NUMWORDS_B                         ; 1024                                              ;
;     -- ADDRESS_REG_B                      ; CLOCK0                                            ;
;     -- OUTDATA_REG_B                      ; UNREGISTERED                                      ;
;     -- RAM_BLOCK_TYPE                     ; AUTO                                              ;
;     -- READ_DURING_WRITE_MODE_MIXED_PORTS ; OLD_DATA                                          ;
+-------------------------------------------+---------------------------------------------------+


+-----------------------------------------------------+
; Post-Synthesis Netlist Statistics for Top Partition ;
+-----------------------+-----------------------------+
; Type                  ; Count                       ;
+-----------------------+-----------------------------+
; boundary_port         ; 131                         ;
; cycloneiii_ff         ; 15766                       ;
;     ENA               ; 15530                       ;
;     ENA SLD           ; 25                          ;
;     SLD               ; 3                           ;
;     plain             ; 208                         ;
; cycloneiii_lcell_comb ; 26620                       ;
;     arith             ; 122                         ;
;         2 data inputs ; 76                          ;
;         3 data inputs ; 46                          ;
;     normal            ; 26498                       ;
;         0 data inputs ; 1                           ;
;         1 data inputs ; 3112                        ;
;         2 data inputs ; 328                         ;
;         3 data inputs ; 446                         ;
;         4 data inputs ; 22611                       ;
; cycloneiii_ram_block  ; 2                           ;
;                       ;                             ;
; Max LUT depth         ; 19.00                       ;
; Average LUT depth     ; 7.69                        ;
+-----------------------+-----------------------------+


+-------------------------------+
; Elapsed Time Per Partition    ;
+----------------+--------------+
; Partition Name ; Elapsed Time ;
+----------------+--------------+
; Top            ; 00:00:54     ;
+----------------+--------------+


+-------------------------------+
; Analysis & Synthesis Messages ;
+-------------------------------+
Info: *******************************************************************
Info: Running Quartus Prime Analysis & Synthesis
    Info: Version 20.1.1 Build 720 11/11/2020 SJ Lite Edition
    Info: Processing started: Sat May 06 23:36:53 2023
Info: Command: quartus_map --read_settings_files=on --write_settings_files=off RISC_V2 -c DUT
Warning (18236): Number of processors has not been specified which may cause overloading on shared machines.  Set the global assignment NUM_PARALLEL_PROCESSORS in your QSF to an appropriate value for best performance.
Info (20030): Parallel compilation is enabled and will use 6 of the 6 processors detected
Info (12021): Found 2 design units, including 1 entities, in source file testbench.vhdl
    Info (12022): Found design unit 1: Testbench-Behave File: C:/Users/Tamojeet/Downloads/Pipe_V4/Pipe(2)/Testbench.vhdl Line: 10
    Info (12023): Found entity 1: Testbench File: C:/Users/Tamojeet/Downloads/Pipe_V4/Pipe(2)/Testbench.vhdl Line: 8
Info (12021): Found 2 design units, including 1 entities, in source file pipe_v2.vhd
    Info (12022): Found design unit 1: pipeline-bhv File: C:/Users/Tamojeet/Downloads/Pipe_V4/Pipe(2)/Pipe_V2.vhd Line: 14
    Info (12023): Found entity 1: pipeline File: C:/Users/Tamojeet/Downloads/Pipe_V4/Pipe(2)/Pipe_V2.vhd Line: 7
Info (12021): Found 2 design units, including 1 entities, in source file dut.vhdl
    Info (12022): Found design unit 1: DUT-DutWrap File: C:/Users/Tamojeet/Downloads/Pipe_V4/Pipe(2)/DUT.vhdl Line: 12
    Info (12023): Found entity 1: DUT File: C:/Users/Tamojeet/Downloads/Pipe_V4/Pipe(2)/DUT.vhdl Line: 7
Info (12021): Found 2 design units, including 1 entities, in source file alu_v2.vhdl
    Info (12022): Found design unit 1: ALU-arch File: C:/Users/Tamojeet/Downloads/Pipe_V4/Pipe(2)/ALU_V2.vhdl Line: 15
    Info (12023): Found entity 1: ALU File: C:/Users/Tamojeet/Downloads/Pipe_V4/Pipe(2)/ALU_V2.vhdl Line: 6
Info (12127): Elaborating entity "DUT" for the top level hierarchy
Info (12128): Elaborating entity "pipeline" for hierarchy "pipeline:add_instance" File: C:/Users/Tamojeet/Downloads/Pipe_V4/Pipe(2)/DUT.vhdl Line: 22
Warning (10036): Verilog HDL or VHDL warning at Pipe_V2.vhd(55): object "ir6" assigned a value but never read File: C:/Users/Tamojeet/Downloads/Pipe_V4/Pipe(2)/Pipe_V2.vhd Line: 55
Warning (10036): Verilog HDL or VHDL warning at Pipe_V2.vhd(57): object "IExt6" assigned a value but never read File: C:/Users/Tamojeet/Downloads/Pipe_V4/Pipe(2)/Pipe_V2.vhd Line: 57
Warning (10036): Verilog HDL or VHDL warning at Pipe_V2.vhd(57): object "IExt9" assigned a value but never read File: C:/Users/Tamojeet/Downloads/Pipe_V4/Pipe(2)/Pipe_V2.vhd Line: 57
Warning (10492): VHDL Process Statement warning at Pipe_V2.vhd(135): signal "is_it_load" is read inside the Process Statement but isn't in the Process Statement's sensitivity list File: C:/Users/Tamojeet/Downloads/Pipe_V4/Pipe(2)/Pipe_V2.vhd Line: 135
Warning (10492): VHDL Process Statement warning at Pipe_V2.vhd(135): signal "pc_change_wait_counter" is read inside the Process Statement but isn't in the Process Statement's sensitivity list File: C:/Users/Tamojeet/Downloads/Pipe_V4/Pipe(2)/Pipe_V2.vhd Line: 135
Warning (10492): VHDL Process Statement warning at Pipe_V2.vhd(174): signal "is_it_load" is read inside the Process Statement but isn't in the Process Statement's sensitivity list File: C:/Users/Tamojeet/Downloads/Pipe_V4/Pipe(2)/Pipe_V2.vhd Line: 174
Warning (10492): VHDL Process Statement warning at Pipe_V2.vhd(174): signal "pc_change_wait_counter" is read inside the Process Statement but isn't in the Process Statement's sensitivity list File: C:/Users/Tamojeet/Downloads/Pipe_V4/Pipe(2)/Pipe_V2.vhd Line: 174
Warning (276020): Inferred RAM node "pipeline:add_instance|altsyncram:mem_reg[0][0]__2" from synchronous design logic.  Pass-through logic has been added to match the read-during-write behavior of the original design.
Info (19000): Inferred 2 megafunctions from design logic
    Info (276029): Inferred altsyncram megafunction from the following design logic: "pipeline:add_instance|altsyncram:mem_reg[0][0]__1" 
        Info (286033): Parameter OPERATION_MODE set to DUAL_PORT
        Info (286033): Parameter WIDTH_A set to 1
        Info (286033): Parameter WIDTHAD_A set to 10
        Info (286033): Parameter NUMWORDS_A set to 1024
        Info (286033): Parameter WIDTH_B set to 1
        Info (286033): Parameter WIDTHAD_B set to 10
        Info (286033): Parameter NUMWORDS_B set to 1024
        Info (286033): Parameter ADDRESS_ACLR_A set to NONE
        Info (286033): Parameter OUTDATA_REG_B set to UNREGISTERED
        Info (286033): Parameter ADDRESS_ACLR_B set to NONE
        Info (286033): Parameter OUTDATA_ACLR_B set to NONE
        Info (286033): Parameter ADDRESS_REG_B set to CLOCK0
        Info (286033): Parameter INDATA_ACLR_A set to NONE
        Info (286033): Parameter WRCONTROL_ACLR_A set to NONE
        Info (286033): Parameter READ_DURING_WRITE_MODE_MIXED_PORTS set to OLD_DATA
    Info (276029): Inferred altsyncram megafunction from the following design logic: "pipeline:add_instance|altsyncram:mem_reg[0][0]__2" 
        Info (286033): Parameter OPERATION_MODE set to DUAL_PORT
        Info (286033): Parameter WIDTH_A set to 1
        Info (286033): Parameter WIDTHAD_A set to 10
        Info (286033): Parameter NUMWORDS_A set to 1024
        Info (286033): Parameter WIDTH_B set to 1
        Info (286033): Parameter WIDTHAD_B set to 10
        Info (286033): Parameter NUMWORDS_B set to 1024
        Info (286033): Parameter ADDRESS_ACLR_A set to NONE
        Info (286033): Parameter OUTDATA_REG_B set to UNREGISTERED
        Info (286033): Parameter ADDRESS_ACLR_B set to NONE
        Info (286033): Parameter OUTDATA_ACLR_B set to NONE
        Info (286033): Parameter ADDRESS_REG_B set to CLOCK0
        Info (286033): Parameter INDATA_ACLR_A set to NONE
        Info (286033): Parameter WRCONTROL_ACLR_A set to NONE
        Info (286033): Parameter READ_DURING_WRITE_MODE_MIXED_PORTS set to OLD_DATA
Info (12128): Elaborating entity "ALU" for hierarchy "pipeline:add_instance|ALU:MainALU" File: C:/Users/Tamojeet/Downloads/Pipe_V4/Pipe(2)/Pipe_V2.vhd Line: 94
Info (12128): Elaborating entity "altsyncram" for hierarchy "pipeline:add_instance|altsyncram:mem_reg[0][0]__1"
Info (12130): Elaborated megafunction instantiation "pipeline:add_instance|altsyncram:mem_reg[0][0]__1"
Info (12133): Instantiated megafunction "pipeline:add_instance|altsyncram:mem_reg[0][0]__1" with the following parameter:
    Info (12134): Parameter "OPERATION_MODE" = "DUAL_PORT"
    Info (12134): Parameter "WIDTH_A" = "1"
    Info (12134): Parameter "WIDTHAD_A" = "10"
    Info (12134): Parameter "NUMWORDS_A" = "1024"
    Info (12134): Parameter "WIDTH_B" = "1"
    Info (12134): Parameter "WIDTHAD_B" = "10"
    Info (12134): Parameter "NUMWORDS_B" = "1024"
    Info (12134): Parameter "ADDRESS_ACLR_A" = "NONE"
    Info (12134): Parameter "OUTDATA_REG_B" = "UNREGISTERED"
    Info (12134): Parameter "ADDRESS_ACLR_B" = "NONE"
    Info (12134): Parameter "OUTDATA_ACLR_B" = "NONE"
    Info (12134): Parameter "ADDRESS_REG_B" = "CLOCK0"
    Info (12134): Parameter "INDATA_ACLR_A" = "NONE"
    Info (12134): Parameter "WRCONTROL_ACLR_A" = "NONE"
    Info (12134): Parameter "READ_DURING_WRITE_MODE_MIXED_PORTS" = "OLD_DATA"
Info (12021): Found 1 design units, including 1 entities, in source file db/altsyncram_ocg1.tdf
    Info (12023): Found entity 1: altsyncram_ocg1 File: C:/Users/Tamojeet/Downloads/Pipe_V4/Pipe(2)/db/altsyncram_ocg1.tdf Line: 28
Info (12128): Elaborating entity "altsyncram_ocg1" for hierarchy "pipeline:add_instance|altsyncram:mem_reg[0][0]__1|altsyncram_ocg1:auto_generated" File: c:/intelfpga_lite/20.1/quartus/libraries/megafunctions/altsyncram.tdf Line: 792
Info (286030): Timing-Driven Synthesis is running
Info (16010): Generating hard_block partition "hard_block:auto_generated_inst"
    Info (16011): Adding 0 node(s), including 0 DDIO, 0 PLL, 0 transceiver and 0 LCELL
Info (21057): Implemented 39156 device resources after synthesis - the final resource count might be different
    Info (21058): Implemented 1 input pins
    Info (21059): Implemented 130 output pins
    Info (21061): Implemented 39023 logic cells
    Info (21064): Implemented 2 RAM segments
Info: Quartus Prime Analysis & Synthesis was successful. 0 errors, 9 warnings
    Info: Peak virtual memory: 4993 megabytes
    Info: Processing ended: Sat May 06 23:38:01 2023
    Info: Elapsed time: 00:01:08
    Info: Total CPU time (on all processors): 00:00:28


